<?xml version="1.0" encoding="UTF-8"?>
<!-- Generated by org.testng.reporters.JUnitXMLReporter -->
<testsuite hostname="EQ-EQ6283668" ignored="2" name="Default test(failed)(failed)" tests="1" failures="0" timestamp="02 May 2019 04:45:46 GMT" time="0.034" errors="0">
  <testcase name="TestFun" time="0.006" classname="TestAnnotaions.TestAnno"/>
  <testcase name="TestFun1" time="0.0" classname="TestAnnotaions.TestAnno">
    <ignored/>
  </testcase> <!-- TestFun1 -->
  <testcase name="TestFun4" time="0.0" classname="TestAnnotaions.TestAnno">
    <ignored/>
  </testcase> <!-- TestFun4 -->
</testsuite> <!-- Default test(failed)(failed) -->
