<?xml version="1.0" encoding="UTF-8"?>
<testng-results skipped="0" failed="0" ignored="0" total="1" passed="1">
  <reporter-output>
  </reporter-output>
  <suite name="Default suite" duration-ms="3471" started-at="2019-07-18T17:55:29Z" finished-at="2019-07-18T17:55:32Z">
    <groups>
    </groups>
    <test name="Default test" duration-ms="3471" started-at="2019-07-18T17:55:29Z" finished-at="2019-07-18T17:55:32Z">
      <class name="Org_Rest.BasicTest">
        <test-method status="PASS" signature="GetWeatherDetails()[pri:0, instance:Org_Rest.BasicTest@5c7fa833]" name="GetWeatherDetails" duration-ms="3430" started-at="2019-07-18T17:55:29Z" finished-at="2019-07-18T17:55:32Z">
          <reporter-output>
          </reporter-output>
        </test-method> <!-- GetWeatherDetails -->
      </class> <!-- Org_Rest.BasicTest -->
    </test> <!-- Default test -->
  </suite> <!-- Default suite -->
</testng-results>
