<?xml version="1.0" encoding="UTF-8"?>
<!-- Generated by org.testng.reporters.JUnitXMLReporter -->
<testsuite hostname="EQ-EQ6283668" ignored="0" name="Test" tests="1" failures="1" timestamp="27 Jul 2019 16:43:09 GMT" time="0.05" errors="0">
  <testcase name="@BeforeSuite TestBaseBeforeMethod" time="0.013" classname="org.orange.testbase.TestBase">
    <failure type="java.lang.NullPointerException">
      <![CDATA[java.lang.NullPointerException
at org.orange.testbase.TestBase.TestBaseBeforeMethod(TestBase.java:37)
... Removed 20 stack frames]]>
    </failure>
  </testcase> <!-- @BeforeSuite TestBaseBeforeMethod -->
  <testcase name="TC1" time="0.0" classname="org.orange.Testcases.TestHoempage">
    <failure type="org.testng.TestNGException" message="
Cannot inject @Test annotated Method [TC1] with [class java.lang.String, class java.lang.String].
For more information on native dependency injection please refer to http://testng.org/doc/documentation-main.html#native-dependency-injection">
      <![CDATA[org.testng.TestNGException: 
Cannot inject @Test annotated Method [TC1] with [class java.lang.String, class java.lang.String].
For more information on native dependency injection please refer to http://testng.org/doc/documentation-main.html#native-dependency-injection
... Removed 24 stack frames]]>
    </failure>
  </testcase> <!-- TC1 -->
</testsuite> <!-- Test -->
