<?xml version="1.0" encoding="UTF-8"?>
<!-- Generated by org.testng.reporters.JUnitXMLReporter -->
<testsuite hostname="EQ-EQ6283668" ignored="1" name="Test" tests="6" failures="1" timestamp="29 Jul 2019 12:25:15 GMT" time="0.238" errors="0">
  <testcase name="tc1" time="0.099" classname="Testcases.ClassTC1"/>
  <testcase name="tc2" time="0.002" classname="Testcases.ClassTC1"/>
  <testcase name="tc3" time="0.067" classname="Testcases.ClassTC2"/>
  <testcase name="tc4" time="0.002" classname="Testcases.ClassTC2"/>
  <testcase name="tc1" time="0.002" classname="Testcases.ClassTC1">
    <failure type="java.lang.NullPointerException">
      <![CDATA[java.lang.NullPointerException
at Testcases.ClassTC1.tc1(ClassTC1.java:15)
... Removed 25 stack frames]]>
    </failure>
  </testcase> <!-- tc1 -->
  <testcase name="tc2" time="0.002" classname="Testcases.ClassTC1"/>
  <testcase name="@BeforeSuite DriverInstate" time="0.0" classname="DriverInt.BaseClass">
    <ignored/>
  </testcase> <!-- @BeforeSuite DriverInstate -->
</testsuite> <!-- Test -->
