<?xml version="1.0" encoding="UTF-8"?>
<!-- Generated by org.testng.reporters.JUnitXMLReporter -->
<testsuite hostname="EQ-EQ6283668" ignored="2" name="Default test(failed)" tests="1" failures="1" timestamp="02 May 2019 04:43:51 GMT" time="0.042" errors="0">
  <testcase name="TestFun" time="0.0" classname="TestAnnotaions.TestAnno">
    <failure type="org.testng.TestNGException" message="
Parameter &amp;apos;url&amp;apos; is required by @Test on method TestFun but has not been marked @Optional or defined
in C:\Users\WZJS1251\eclipse-workspace\TestNGConcept\test-output\testng-failed.xml">
      <![CDATA[org.testng.TestNGException: 
Parameter 'url' is required by @Test on method TestFun but has not been marked @Optional or defined
in C:\Users\WZJS1251\eclipse-workspace\TestNGConcept\test-output\testng-failed.xml
... Removed 24 stack frames]]>
    </failure>
  </testcase> <!-- TestFun -->
  <testcase name="TestFun1" time="0.0" classname="TestAnnotaions.TestAnno">
    <ignored/>
  </testcase> <!-- TestFun1 -->
  <testcase name="TestFun4" time="0.0" classname="TestAnnotaions.TestAnno">
    <ignored/>
  </testcase> <!-- TestFun4 -->
</testsuite> <!-- Default test(failed) -->
