<?xml version="1.0" encoding="UTF-8"?>
<testng-results skipped="0" failed="1" ignored="1" total="7" passed="5">
  <reporter-output>
  </reporter-output>
  <suite name="Suite" duration-ms="238" started-at="2019-07-29T12:25:15Z" finished-at="2019-07-29T12:25:15Z">
    <groups>
    </groups>
    <test name="Test" duration-ms="238" started-at="2019-07-29T12:25:15Z" finished-at="2019-07-29T12:25:15Z">
      <class name="Testcases.ClassTC1">
        <test-method status="FAIL" signature="tc1()[pri:0, instance:Testcases.ClassTC1@76a3e297]" name="tc1" duration-ms="2" started-at="2019-07-29T12:25:15Z" finished-at="2019-07-29T12:25:15Z">
          <exception class="java.lang.NullPointerException">
            <full-stacktrace>
              <![CDATA[java.lang.NullPointerException
at Testcases.ClassTC1.tc1(ClassTC1.java:15)
at sun.reflect.NativeMethodAccessorImpl.invoke0(Native Method)
at sun.reflect.NativeMethodAccessorImpl.invoke(Unknown Source)
at sun.reflect.DelegatingMethodAccessorImpl.invoke(Unknown Source)
at java.lang.reflect.Method.invoke(Unknown Source)
at org.testng.internal.MethodInvocationHelper.invokeMethod(MethodInvocationHelper.java:124)
at org.testng.internal.Invoker.invokeMethod(Invoker.java:580)
at org.testng.internal.Invoker.invokeTestMethod(Invoker.java:716)
at org.testng.internal.Invoker.invokeTestMethods(Invoker.java:988)
at org.testng.internal.TestMethodWorker.invokeTestMethods(TestMethodWorker.java:125)
at org.testng.internal.TestMethodWorker.run(TestMethodWorker.java:109)
at org.testng.TestRunner.privateRun(TestRunner.java:648)
at org.testng.TestRunner.run(TestRunner.java:505)
at org.testng.SuiteRunner.runTest(SuiteRunner.java:455)
at org.testng.SuiteRunner.runSequentially(SuiteRunner.java:450)
at org.testng.SuiteRunner.privateRun(SuiteRunner.java:415)
at org.testng.SuiteRunner.run(SuiteRunner.java:364)
at org.testng.SuiteRunnerWorker.runSuite(SuiteRunnerWorker.java:52)
at org.testng.SuiteRunnerWorker.run(SuiteRunnerWorker.java:84)
at org.testng.TestNG.runSuitesSequentially(TestNG.java:1208)
at org.testng.TestNG.runSuitesLocally(TestNG.java:1137)
at org.testng.TestNG.runSuites(TestNG.java:1049)
at org.testng.TestNG.run(TestNG.java:1017)
at org.testng.remote.AbstractRemoteTestNG.run(AbstractRemoteTestNG.java:114)
at org.testng.remote.RemoteTestNG.initAndRun(RemoteTestNG.java:251)
at org.testng.remote.RemoteTestNG.main(RemoteTestNG.java:77)
]]>
            </full-stacktrace>
          </exception> <!-- java.lang.NullPointerException -->
          <reporter-output>
          </reporter-output>
        </test-method> <!-- tc1 -->
        <test-method status="PASS" signature="tc2()[pri:0, instance:Testcases.ClassTC1@76a3e297]" name="tc2" duration-ms="2" started-at="2019-07-29T12:25:15Z" finished-at="2019-07-29T12:25:15Z">
          <reporter-output>
          </reporter-output>
        </test-method> <!-- tc2 -->
      </class> <!-- Testcases.ClassTC1 -->
      <class name="Testcases.ClassTC2">
        <test-method status="PASS" signature="DriverInstate()[pri:0, instance:Testcases.ClassTC2@3aeaafa6]" name="DriverInstate" is-config="true" duration-ms="6703" started-at="2019-07-29T12:25:08Z" finished-at="2019-07-29T12:25:15Z">
          <reporter-output>
          </reporter-output>
        </test-method> <!-- DriverInstate -->
        <test-method status="PASS" signature="tc1()[pri:0, instance:Testcases.ClassTC2@3aeaafa6]" name="tc1" duration-ms="99" started-at="2019-07-29T12:25:15Z" finished-at="2019-07-29T12:25:15Z">
          <reporter-output>
          </reporter-output>
        </test-method> <!-- tc1 -->
        <test-method status="PASS" signature="tc2()[pri:0, instance:Testcases.ClassTC2@3aeaafa6]" name="tc2" duration-ms="2" started-at="2019-07-29T12:25:15Z" finished-at="2019-07-29T12:25:15Z">
          <reporter-output>
          </reporter-output>
        </test-method> <!-- tc2 -->
        <test-method status="PASS" signature="tc3()[pri:0, instance:Testcases.ClassTC2@3aeaafa6]" name="tc3" duration-ms="67" started-at="2019-07-29T12:25:15Z" finished-at="2019-07-29T12:25:15Z">
          <reporter-output>
          </reporter-output>
        </test-method> <!-- tc3 -->
        <test-method status="PASS" signature="tc4()[pri:0, instance:Testcases.ClassTC2@3aeaafa6]" name="tc4" duration-ms="2" started-at="2019-07-29T12:25:15Z" finished-at="2019-07-29T12:25:15Z">
          <reporter-output>
          </reporter-output>
        </test-method> <!-- tc4 -->
      </class> <!-- Testcases.ClassTC2 -->
    </test> <!-- Test -->
  </suite> <!-- Suite -->
</testng-results>
