<?xml version="1.0" encoding="UTF-8"?>
<!-- Generated by org.testng.reporters.JUnitXMLReporter -->
<testsuite hostname="EQ-EQ6283668" ignored="1" name="Test" tests="2" failures="1" timestamp="27 Jul 2019 17:11:13 GMT" time="0.196" errors="0">
  <testcase name="tc2" time="0.138" classname="org.tinder.testcases.TinderSwipeTestcases"/>
  <testcase name="tc1" time="0.003" classname="org.tinder.testcases.Testcas">
    <failure type="java.lang.NullPointerException">
      <![CDATA[java.lang.NullPointerException
at org.tinder.testcases.Testcas.tc1(Testcas.java:11)
... Removed 25 stack frames]]>
    </failure>
  </testcase> <!-- tc1 -->
  <testcase name="@BeforeSuite openBrowser" time="0.0" classname="org.tinder.driverinstiation.DriverInstaite">
    <ignored/>
  </testcase> <!-- @BeforeSuite openBrowser -->
</testsuite> <!-- Test -->
