<?xml version="1.0" encoding="UTF-8"?>
<!-- Generated by org.testng.reporters.JUnitXMLReporter -->
<testsuite hostname="EQ-EQ6283668" ignored="2" name="test1" tests="4" failures="0" timestamp="28 Jun 2019 14:18:45 GMT" time="0.031" errors="0">
  <testcase name="tc1" time="0.001" classname="Testcases.TC"/>
  <testcase name="tc2" time="0.0" classname="Testcases.TC"/>
  <testcase name="tc3" time="0.0" classname="Testcases.TC"/>
  <testcase name="Tc4" time="0.001" classname="Testcases.TC2"/>
  <testcase name="@BeforeSuite bsuite" time="0.0" classname="Testcases.AfetrBefor">
    <ignored/>
  </testcase> <!-- @BeforeSuite bsuite -->
  <testcase name="@AfterSuite asuite" time="0.0" classname="Testcases.AfetrBefor">
    <ignored/>
  </testcase> <!-- @AfterSuite asuite -->
</testsuite> <!-- test1 -->
