<?xml version="1.0" encoding="UTF-8"?>
<testng-results skipped="0" failed="0" ignored="0" total="1" passed="1">
  <reporter-output>
  </reporter-output>
  <suite name="Default suite" duration-ms="21515" started-at="2019-07-27T18:37:41Z" finished-at="2019-07-27T18:38:02Z">
    <groups>
    </groups>
    <test name="Default test" duration-ms="21515" started-at="2019-07-27T18:37:41Z" finished-at="2019-07-27T18:38:02Z">
      <class name="org.tinder.testcases.Testcas">
        <test-method status="PASS" signature="openBrowser()[pri:0, instance:org.tinder.testcases.Testcas@4d3167f4]" name="openBrowser" is-config="true" duration-ms="7281" started-at="2019-07-27T18:37:34Z" finished-at="2019-07-27T18:37:41Z">
          <reporter-output>
          </reporter-output>
        </test-method> <!-- openBrowser -->
        <test-method status="PASS" signature="tc1()[pri:0, instance:org.tinder.testcases.Testcas@4d3167f4]" name="tc1" duration-ms="21463" started-at="2019-07-27T18:37:41Z" finished-at="2019-07-27T18:38:02Z">
          <reporter-output>
          </reporter-output>
        </test-method> <!-- tc1 -->
      </class> <!-- org.tinder.testcases.Testcas -->
    </test> <!-- Default test -->
  </suite> <!-- Default suite -->
</testng-results>
