<?xml version="1.0" encoding="UTF-8"?>
<testng-results skipped="0" failed="0" ignored="0" total="1" passed="1">
  <reporter-output>
  </reporter-output>
  <suite name="Default suite" duration-ms="51" started-at="2019-05-01T07:58:39Z" finished-at="2019-05-01T07:58:39Z">
    <groups>
    </groups>
    <test name="Default test" duration-ms="51" started-at="2019-05-01T07:58:39Z" finished-at="2019-05-01T07:58:39Z">
      <class name="TestNGConcept.TestAnnotations">
        <test-method status="PASS" signature="TestMethod()[pri:0, instance:TestNGConcept.TestAnnotations@5bfbf16f]" name="TestMethod" duration-ms="14" started-at="2019-05-01T07:58:39Z" finished-at="2019-05-01T07:58:39Z">
          <reporter-output>
          </reporter-output>
        </test-method> <!-- TestMethod -->
      </class> <!-- TestNGConcept.TestAnnotations -->
    </test> <!-- Default test -->
  </suite> <!-- Default suite -->
</testng-results>
