<?xml version="1.0" encoding="UTF-8"?>
<testng-results skipped="0" failed="0" ignored="1" total="3" passed="2">
  <reporter-output>
  </reporter-output>
  <suite name="Suite" duration-ms="2969" started-at="2019-07-30T10:17:29Z" finished-at="2019-07-30T10:17:32Z">
    <groups>
    </groups>
    <test name="Test" duration-ms="2969" started-at="2019-07-30T10:17:29Z" finished-at="2019-07-30T10:17:32Z">
      <class name="TestCases.TestId1">
        <test-method status="PASS" signature="DriverInstate()[pri:0, instance:TestCases.TestId1@3aeaafa6]" name="DriverInstate" is-config="true" duration-ms="18144" started-at="2019-07-30T10:17:11Z" finished-at="2019-07-30T10:17:29Z">
          <reporter-output>
          </reporter-output>
        </test-method> <!-- DriverInstate -->
        <test-method status="PASS" signature="tcase1()[pri:0, instance:TestCases.TestId1@3aeaafa6]" name="tcase1" duration-ms="2826" started-at="2019-07-30T10:17:29Z" finished-at="2019-07-30T10:17:32Z">
          <reporter-output>
          </reporter-output>
        </test-method> <!-- tcase1 -->
      </class> <!-- TestCases.TestId1 -->
      <class name="TestCases.Test2">
        <test-method status="PASS" signature="tc2()[pri:0, instance:TestCases.Test2@76a3e297]" name="tc2" duration-ms="101" started-at="2019-07-30T10:17:32Z" finished-at="2019-07-30T10:17:32Z">
          <reporter-output>
          </reporter-output>
        </test-method> <!-- tc2 -->
      </class> <!-- TestCases.Test2 -->
    </test> <!-- Test -->
  </suite> <!-- Suite -->
</testng-results>
