<?xml version="1.0" encoding="UTF-8"?>
<!-- Generated by org.testng.reporters.JUnitXMLReporter -->
<testsuite hostname="EQ-EQ6283668" name="Test" tests="1" failures="1" timestamp="5 May 2019 14:06:57 GMT" time="3.667" errors="0">
  <testcase name="tc1" time="3.644" classname="Org.orange.API_TestCases.TestCases">
    <failure type="java.lang.AssertionError" message="Status code was expected 200 expected [2030] but found [200]">
      <![CDATA[java.lang.AssertionError: Status code was expected 200 expected [2030] but found [200]
	at Org.orange.API_TestCases.TestCases.tc1(TestCases.java:43)
... Removed 28 stack frames]]>
    </failure>
  </testcase> <!-- tc1 -->
</testsuite> <!-- Test -->
