<?xml version="1.0" encoding="UTF-8"?>
<!-- Generated by org.testng.reporters.JUnitXMLReporter -->
<testsuite hostname="EQ-EQ6283668" ignored="0" name="Test" tests="3" failures="1" timestamp="04 May 2019 08:49:56 GMT" time="0.044" errors="0">
  <testcase name="TestFun" time="0.008" classname="TestAnnotaions.TestAnno">
    <failure type="java.lang.AssertionError" message="expected [true] but found [false]">
      <![CDATA[java.lang.AssertionError: expected [true] but found [false]
at TestAnnotaions.TestAnno.TestFun(TestAnno.java:27)
... Removed 29 stack frames]]>
    </failure>
  </testcase> <!-- TestFun -->
  <testcase name="TestFun1" time="0.002" classname="TestAnnotaions.TestAnno"/>
  <testcase name="TestFun4" time="0.002" classname="TestAnnotaions.TestAnno"/>
</testsuite> <!-- Test -->
