<?xml version="1.0" encoding="UTF-8"?>
<testng-results skipped="0" failed="0" ignored="2" total="6" passed="4">
  <reporter-output>
  </reporter-output>
  <suite name="Suite1" duration-ms="31" started-at="2019-06-28T14:18:45Z" finished-at="2019-06-28T14:18:45Z">
    <groups>
    </groups>
    <test name="test1" duration-ms="31" started-at="2019-06-28T14:18:45Z" finished-at="2019-06-28T14:18:45Z">
      <class name="Testcases.TC2">
        <test-method status="PASS" signature="Tc4()[pri:0, instance:Testcases.TC2@136432db]" name="Tc4" duration-ms="1" started-at="2019-06-28T14:18:45Z" finished-at="2019-06-28T14:18:45Z">
          <reporter-output>
          </reporter-output>
        </test-method> <!-- Tc4 -->
      </class> <!-- Testcases.TC2 -->
      <class name="Testcases.TC">
        <test-method status="PASS" signature="bsuite()[pri:0, instance:Testcases.TC@2e5c649]" name="bsuite" is-config="true" duration-ms="14" started-at="2019-06-28T14:18:45Z" finished-at="2019-06-28T14:18:45Z">
          <reporter-output>
          </reporter-output>
        </test-method> <!-- bsuite -->
        <test-method status="PASS" signature="before()[pri:0, instance:Testcases.TC@2e5c649]" name="before" is-config="true" duration-ms="0" started-at="2019-06-28T14:18:45Z" finished-at="2019-06-28T14:18:45Z">
          <reporter-output>
          </reporter-output>
        </test-method> <!-- before -->
        <test-method status="PASS" signature="tc1()[pri:0, instance:Testcases.TC@2e5c649]" name="tc1" duration-ms="1" started-at="2019-06-28T14:18:45Z" finished-at="2019-06-28T14:18:45Z">
          <reporter-output>
          </reporter-output>
        </test-method> <!-- tc1 -->
        <test-method status="PASS" signature="after()[pri:0, instance:Testcases.TC@2e5c649]" name="after" is-config="true" duration-ms="1" started-at="2019-06-28T14:18:45Z" finished-at="2019-06-28T14:18:45Z">
          <reporter-output>
          </reporter-output>
        </test-method> <!-- after -->
        <test-method status="PASS" signature="after()[pri:0, instance:Testcases.TC@2e5c649]" name="after" is-config="true" duration-ms="1" started-at="2019-06-28T14:18:45Z" finished-at="2019-06-28T14:18:45Z">
          <reporter-output>
          </reporter-output>
        </test-method> <!-- after -->
        <test-method status="PASS" signature="before()[pri:0, instance:Testcases.TC@2e5c649]" name="before" is-config="true" duration-ms="0" started-at="2019-06-28T14:18:45Z" finished-at="2019-06-28T14:18:45Z">
          <reporter-output>
          </reporter-output>
        </test-method> <!-- before -->
        <test-method status="PASS" signature="tc2()[pri:0, instance:Testcases.TC@2e5c649]" name="tc2" duration-ms="0" started-at="2019-06-28T14:18:45Z" finished-at="2019-06-28T14:18:45Z">
          <reporter-output>
          </reporter-output>
        </test-method> <!-- tc2 -->
        <test-method status="PASS" signature="tc3()[pri:0, instance:Testcases.TC@2e5c649]" name="tc3" duration-ms="0" started-at="2019-06-28T14:18:45Z" finished-at="2019-06-28T14:18:45Z">
          <reporter-output>
          </reporter-output>
        </test-method> <!-- tc3 -->
        <test-method status="PASS" signature="after()[pri:0, instance:Testcases.TC@2e5c649]" name="after" is-config="true" duration-ms="1" started-at="2019-06-28T14:18:45Z" finished-at="2019-06-28T14:18:45Z">
          <reporter-output>
          </reporter-output>
        </test-method> <!-- after -->
        <test-method status="PASS" signature="before()[pri:0, instance:Testcases.TC@2e5c649]" name="before" is-config="true" duration-ms="0" started-at="2019-06-28T14:18:45Z" finished-at="2019-06-28T14:18:45Z">
          <reporter-output>
          </reporter-output>
        </test-method> <!-- before -->
        <test-method status="PASS" signature="asuite()[pri:0, instance:Testcases.TC@2e5c649]" name="asuite" is-config="true" duration-ms="1" started-at="2019-06-28T14:18:45Z" finished-at="2019-06-28T14:18:45Z">
          <reporter-output>
          </reporter-output>
        </test-method> <!-- asuite -->
      </class> <!-- Testcases.TC -->
    </test> <!-- test1 -->
  </suite> <!-- Suite1 -->
</testng-results>
