<?xml version="1.0" encoding="UTF-8"?>
<!-- Generated by org.testng.reporters.JUnitXMLReporter -->
<testsuite hostname="EQ-EQ6283668" ignored="1" name="Test" tests="2" failures="0" timestamp="30 Jul 2019 10:17:32 GMT" time="2.969" errors="0">
  <testcase name="tcase1" time="2.826" classname="TestCases.TestId1"/>
  <testcase name="tc2" time="0.101" classname="TestCases.Test2"/>
  <testcase name="@BeforeSuite DriverInstate" time="0.0" classname="CreateDriver.DriverInstate">
    <ignored/>
  </testcase> <!-- @BeforeSuite DriverInstate -->
</testsuite> <!-- Test -->
