<?xml version="1.0" encoding="UTF-8"?>
<!-- Generated by org.testng.reporters.JUnitXMLReporter -->
<testsuite hostname="EQ-EQ6283668" ignored="1" name="Test" tests="2" failures="1" timestamp="28 Jun 2019 04:47:39 GMT" time="5.529" errors="0">
  <testcase name="@BeforeTest generateDriver" time="5.438" classname="CreateDriver.DriverInstate">
    <failure type="org.openqa.selenium.NoSuchWindowException" message="Browsing context has been discarded
Build info: version: &amp;apos;3.11.0&amp;apos;, revision: &amp;apos;e59cfb3&amp;apos;, time: &amp;apos;2018-03-11T20:26:55.152Z&amp;apos;
System info: host: &amp;apos;EQ-EQ6283668&amp;apos;, ip: &amp;apos;192.168.57.1&amp;apos;, os.name: &amp;apos;Windows 10&amp;apos;, os.arch: &amp;apos;amd64&amp;apos;, os.version: &amp;apos;10.0&amp;apos;, java.version: &amp;apos;1.8.0_181&amp;apos;
Driver info: org.openqa.selenium.firefox.FirefoxDriver
Capabilities {acceptInsecureCerts: true, browserName: firefox, browserVersion: 60.7.2, javascriptEnabled: true, moz:accessibilityChecks: false, moz:headless: false, moz:processID: 1528, moz:profile: C:\Users\WZJS1251\AppData\L..., moz:useNonSpecCompliantPointerOrigin: false, moz:webdriverClick: true, pageLoadStrategy: normal, platform: XP, platformName: XP, platformVersion: 10.0, rotatable: false, timeouts: {implicit: 0, pageLoad: 300000, script: 30000}}
Session ID: 6f2028cc-de02-4d82-9620-a7a0cc0d6b06">
      <![CDATA[org.openqa.selenium.NoSuchWindowException: Browsing context has been discarded
Build info: version: '3.11.0', revision: 'e59cfb3', time: '2018-03-11T20:26:55.152Z'
System info: host: 'EQ-EQ6283668', ip: '192.168.57.1', os.name: 'Windows 10', os.arch: 'amd64', os.version: '10.0', java.version: '1.8.0_181'
Driver info: org.openqa.selenium.firefox.FirefoxDriver
Capabilities {acceptInsecureCerts: true, browserName: firefox, browserVersion: 60.7.2, javascriptEnabled: true, moz:accessibilityChecks: false, moz:headless: false, moz:processID: 1528, moz:profile: C:\Users\WZJS1251\AppData\L..., moz:useNonSpecCompliantPointerOrigin: false, moz:webdriverClick: true, pageLoadStrategy: normal, platform: XP, platformName: XP, platformVersion: 10.0, rotatable: false, timeouts: {implicit: 0, pageLoad: 300000, script: 30000}}
Session ID: 6f2028cc-de02-4d82-9620-a7a0cc0d6b06
at org.openqa.selenium.remote.http.W3CHttpResponseCodec.createException(W3CHttpResponseCodec.java:187)
at org.openqa.selenium.remote.http.W3CHttpResponseCodec.decode(W3CHttpResponseCodec.java:122)
at org.openqa.selenium.remote.http.W3CHttpResponseCodec.decode(W3CHttpResponseCodec.java:49)
at org.openqa.selenium.remote.HttpCommandExecutor.execute(HttpCommandExecutor.java:158)
at org.openqa.selenium.remote.service.DriverCommandExecutor.execute(DriverCommandExecutor.java:83)
at org.openqa.selenium.remote.RemoteWebDriver.execute(RemoteWebDriver.java:545)
at org.openqa.selenium.remote.RemoteWebDriver.get(RemoteWebDriver.java:273)
at CreateDriver.DriverInstate.generateDriver(DriverInstate.java:25)
... Removed 28 stack frames]]>
    </failure>
  </testcase> <!-- @BeforeTest generateDriver -->
  <testcase name="tcase1" time="0.021" classname="TestCases.TestId1">
    <failure type="org.testng.internal.reflect.MethodMatcherException" message="
Data provider mismatch
Method: tcase1([Parameter{index=0, type=java.lang.String, declaredAnnotations=[]}, Parameter{index=1, type=java.lang.String, declaredAnnotations=[]}])
Arguments: [(java.lang.String) Abc]">
      <![CDATA[org.testng.internal.reflect.MethodMatcherException: 
Data provider mismatch
Method: tcase1([Parameter{index=0, type=java.lang.String, declaredAnnotations=[]}, Parameter{index=1, type=java.lang.String, declaredAnnotations=[]}])
Arguments: [(java.lang.String) Abc]
... Removed 20 stack frames]]>
    </failure>
  </testcase> <!-- tcase1 -->
  <testcase name="tc2" time="0.0" classname="TestCases.Test2">
    <skipped/>
  </testcase> <!-- tc2 -->
  <testcase name="@BeforeTest generateDriver" time="0.0" classname="CreateDriver.DriverInstate">
    <ignored/>
  </testcase> <!-- @BeforeTest generateDriver -->
</testsuite> <!-- Test -->
